[04:38:35] [Craft Scheduler Thread - 1908/WARN]: [Slimefun] Attempted to refresh skin cache, got this response: TimeoutException: null
[04:38:35] [Craft Scheduler Thread - 1908/WARN]: [Slimefun] This usually means mojang.com is temporarily down or started to rate-limit this connection, nothing to worry about!
[08:46:08] [User Authenticator #72/INFO]: UUID of player NokiaX3979 is 94985268-409c-3344-bdea-b02892fb0325
[08:46:08] [Server thread/INFO]: NokiaX3979 joined the game
[08:46:08] [Server thread/INFO]: NokiaX3979[/127.0.0.1:43434] logged in with entity id 313837 at ([SlimeWorld]-264.5, 71.0, 2082.5)
[08:50:21] [Server thread/INFO]: NokiaX3979 lost connection: Disconnected
[08:50:21] [Server thread/INFO]: NokiaX3979 left the game
[13:32:20] [Server thread/INFO]: Saving the game (this may take a moment!)
[13:32:20] [Server thread/INFO]: Saved the game
[13:32:21] [Server thread/INFO]: There are 0 of a max of 20 players online: 
[13:32:45] [Server thread/INFO]: Stopping the server
[13:32:45] [Server thread/INFO]: Stopping server
[13:32:45] [Server thread/INFO]: [PlugManX] Disabling PlugManX v2.3.0
[13:32:45] [Server thread/INFO]: [ExoticGarden] Disabling ExoticGarden vBuild 10 zh-CN(ybw0014) (git 4a9d091)
[13:32:45] [Server thread/INFO]: [SimpleStorage] Disabling SimpleStorage vBuild 5 zh-CN(ybw0014) (git c443c7b)
[13:32:45] [Server thread/INFO]: [GeneticChickengineering] Disabling GeneticChickengineering vBuild 2 zh-CN(CrispyXYZ) (git dfd4b14)
[13:32:45] [Server thread/INFO]: [GeneticChickengineering] Connection to plugins/GeneticChickengineering/GCE.db has been closed.
[13:32:45] [Server thread/INFO]: [ExcellentEnchants] Disabling ExcellentEnchants v3.2.1
[13:32:45] [Server thread/INFO]: [ExcellentEnchants] All enchants are unregistered.
[13:32:45] [Server thread/INFO]: [CreeperHeal2] Disabling CreeperHeal2 v1.4.0
[13:32:45] [Server thread/INFO]: [NexEngine] Disabling NexEngine v2.1.2 build-14/04/2022
[13:32:45] [Server thread/INFO]: [NexEngine] Disabling player block place tracker...
[13:32:46] [Server thread/INFO]: [Slimefun] Disabling Slimefun v2022.05-release
[13:32:47] [Server thread/INFO]: [Slimefun] 已备份 Slimefun 数据至: 2022-07-17-13-32.zip
[13:32:47] [Server thread/INFO]: [ViaVersion] Disabling ViaVersion v4.3.1
[13:32:47] [Server thread/INFO]: [ViaVersion] ViaVersion is disabling, if this is a reload and you experience issues consider rebooting.
[13:32:47] [Server thread/INFO]: [SkinsRestorer] Disabling SkinsRestorer v14.2.1
[13:32:52] [Server thread/ERROR]: Nag author: '_MylesC' of 'ViaVersion' about the following: This plugin is not properly shutting down its async tasks when it is being shut down. This task may throw errors during the final shutdown logs and might not complete before process dies.
[13:32:52] [Server thread/ERROR]: Nag author: '_MylesC' of 'ViaVersion' about the following: This plugin is not properly shutting down its async tasks when it is being shut down. This task may throw errors during the final shutdown logs and might not complete before process dies.
[13:32:52] [Server thread/ERROR]: Nag author: '_MylesC' of 'ViaVersion' about the following: This plugin is not properly shutting down its async tasks when it is being shut down. This task may throw errors during the final shutdown logs and might not complete before process dies.
[13:32:52] [Server thread/ERROR]: Nag author: '_MylesC' of 'ViaVersion' about the following: This plugin is not properly shutting down its async tasks when it is being shut down. This task may throw errors during the final shutdown logs and might not complete before process dies.
[13:32:52] [Server thread/ERROR]: Nag author: '_MylesC' of 'ViaVersion' about the following: This plugin is not properly shutting down its async tasks when it is being shut down. This task may throw errors during the final shutdown logs and might not complete before process dies.
[13:32:52] [Server thread/ERROR]: Nag author: '_MylesC' of 'ViaVersion' about the following: This plugin is not properly shutting down its async tasks when it is being shut down. This task may throw errors during the final shutdown logs and might not complete before process dies.
[13:32:52] [Server thread/INFO]: Saving players
[13:32:52] [Server thread/INFO]: Saving worlds
[13:32:52] [Server thread/INFO]: Saving chunks for level 'ServerLevel[SlimeWorld]'/minecraft:overworld
[13:32:52] [Server thread/INFO]: ThreadedAnvilChunkStorage (SlimeWorld): All chunks are saved
[13:32:52] [Server thread/INFO]: Saving chunks for level 'ServerLevel[SlimeWorld_nether]'/minecraft:the_nether
[13:32:52] [Server thread/INFO]: ThreadedAnvilChunkStorage (DIM-1): All chunks are saved
[13:32:52] [Server thread/INFO]: Saving chunks for level 'ServerLevel[SlimeWorld_the_end]'/minecraft:the_end
[13:32:53] [Server thread/INFO]: ThreadedAnvilChunkStorage (DIM1): All chunks are saved
[13:32:53] [Server thread/INFO]: ThreadedAnvilChunkStorage (SlimeWorld): All chunks are saved
[13:32:55] [Server thread/INFO]: ThreadedAnvilChunkStorage (DIM-1): All chunks are saved
[13:32:55] [Server thread/INFO]: ThreadedAnvilChunkStorage (DIM1): All chunks are saved
[13:32:55] [Server thread/INFO]: Flushing Chunk IO
[13:32:55] [Server thread/INFO]: Closing Thread Pool
[13:32:55] [Server thread/INFO]: Closing Server
